{
  "RSpec": {
    "coverage": {
      "/Users/sarmad/projects/jhu_capstone/app/models/user.rb": [
        1,
        null,
        1,
        null,
        null,
        1,
        null
      ],
      "/Users/sarmad/projects/jhu_capstone/app/controllers/application_controller.rb": [
        1,
        1,
        1,
        null,
        1,
        1,
        null,
        1,
        1,
        0,
        null,
        null,
        0,
        0,
        null,
        null,
        1,
        1,
        null,
        null
      ]
    },
    "timestamp": 1502184616
  }
}
